#-------------------------------------------------------------------------------
    #
    #  Filename       : rule.lst
    #  Author         : Huang Leilei
    #  Status         : draft
    #  Created        : 2025-02-18
    #  Description    : top
    #
#-------------------------------------------------------------------------------

lint/lint_rtl
lint/lint_turbo_rtl
lint/lint_functional_rtl
lint/lint_abstract
adv_lint/adv_lint_struct
#adv_lint/adv_lint_verify
#constraints/sdc_audit
#constraints/sdc_check
#constraints/sdc_exception_struct
#constraints/sdc_redundancy
#constraints/sdc_abstract
#cdc/cdc_setup_check
#cdc/clock_reset_integrity
#cdc/cdc_verify_struct
#cdc/cdc_verify
#cdc/cdc_abstract
#cdc/cdc_verify_jitter
#rdc/rdc_verify_struct
