draft	../../../build/windows/xkmsc/build_2017.bat
draft	../../../build/windows/xkmsc/build_2019.bat
draft	../../../build/linux/xkmsc/build.sh
draft	../../../build/linux/xkmsc/run.sh
no status	../../../build/linux/xkmsc/tool_script/run.sh
no status	../../../document/description/rst_xkmsc/source/conf.py
no status	../../../document/description/rst_xkmscSessionTest/source/conf.py
draft	../../../document/description/rst_xkmsc/source/C00_beforeEverything/index.rst
draft	../../../document/description/rst_xkmsc/source/C01_introduction/index.rst
draft	../../../document/description/rst_xkmsc/source/C02_aboutBuild/index.rst
draft	../../../document/description/rst_xkmsc/source/C03_aboutDocument/index.rst
draft	../../../document/description/rst_xkmsc/source/C04_aboutScript/index.rst
draft	../../../document/description/rst_xkmsc/source/C05_aboutSource/index.rst
draft	../../../document/description/rst_xkmsc/source/C06_codingStyle/index.rst
draft	../../../document/description/rst_xkmsc/source/C07_template/index.rst
draft	../../../document/description/rst_xkmsc/source/C07_template/index.rst
draft	../../../document/description/rst_xkmsc/source/C07_template/index.rst
draft	../../../document/description/rst_xkmsc/source/C07_template/index.rst
draft	../../../document/description/rst_xkmsc/source/C07_template/index.rst
draft	../../../document/description/rst_xkmsc/source/C07_template/index.rst
draft	../../../document/description/rst_xkmsc/source/C08_versionControl/index.rst
draft	../../../document/description/rst_xkmsc/source/C09_checkList/index.rst
draft	../../../document/description/rst_xkmsc/source/C10_howTo/index.rst
no status	../../../document/description/rst_xkmsc/source/index.rst
draft	../../../document/description/rst_xkmscSessionTest/source/index.rst
draft	../../../document/doxygen/xkmsc/doxygen.sh
draft	../../../script/get/getPsnr/getPsnr.m
draft	../../../script/get/getPsnr/getPsnrCore.m
draft	../../../script/get/getArgb1555FromYuv420p/getArgb1555FromRgb24Core.py
draft	../../../script/get/getAyuv1555FromYuv420p/getAyuv1555FromYuv444pCore.py
draft	../../../script/get/getIndx2FromYuv420p/getIndx2FromYuv444pCore.py
draft	../../../script/get/getIndx4FromYuv420p/getIndx4FromYuv444pCore.py
draft	../../../script/get/getPsnr/getPsnr.py
draft	../../../script/analysis/tool_script/analysis.sh
draft	../../../script/get/getArgb1555FromYuv420p/getArgb1555FromYuv420p.sh
draft	../../../script/get/getAyuv1555FromYuv420p/getAyuv1555FromYuv420p.sh
draft	../../../script/get/getIndx2FromYuv420p/getIndx2FromYuv420p.sh
draft	../../../script/get/getIndx4FromYuv420p/getIndx4FromYuv420p.sh
draft	../../../script/get/tool_script/get.sh
draft	../../../script/run/runListPush/runListPush.sh
draft	../../../script/run/runXkmsc/runXkmsc.sh
draft	../../../script/run/tool_script/run.sh
draft	../../../source/xkmsc/kernel/dumper/msc_dmp.cpp
draft	../../../source/xkmsc/kernel/fetcher/msc_fth.cpp
draft	../../../source/xkmsc/kernel/msc_knl.cpp
draft	../../../source/xkmsc/kernel/msc_knl_dump.cpp
draft	../../../source/xkmsc/kernel/msc_knl_export.cpp
draft	../../../source/xkmsc/kernel/msc_knl_load.cpp
draft	../../../source/xkmsc/kernel/msc_knl_proc.cpp
draft	../../../source/xkmsc/top/configuration/msc_cfg.cpp
draft	../../../source/xkmsc/top/configuration/msc_cfg_dump.cpp
draft	../../../source/xkmsc/top/configuration/msc_cfg_proc.cpp
draft	../../../source/xkmsc/top/msc.cpp
draft	../../../source/xkmsc/unit/filter/msc_flt.cpp
draft	../../../source/xkmsc/unit/filter/msc_flt_dump.cpp
draft	../../../source/xkmsc/unit/filter/msc_flt_load.cpp
draft	../../../source/xkmsc/unit/filter/msc_flt_proc.cpp
draft	../../../source/xkmsc/unit/msc_unit.cpp
draft	../../../source/xkmsc/unit/msc_unit_dump.cpp
draft	../../../source/xkmsc/unit/msc_unit_load.cpp
draft	../../../source/xkmsc/unit/msc_unit_proc.cpp
draft	../../../source/xkmsc/unit/on-screen-display/msc_osd.cpp
draft	../../../source/xkmsc/unit/on-screen-display/msc_osd_dump.cpp
draft	../../../source/xkmsc/unit/on-screen-display/msc_osd_load.cpp
draft	../../../source/xkmsc/unit/on-screen-display/msc_osd_proc.cpp
draft	../../../source/xkmsc/unit/scaler/msc_scl.cpp
draft	../../../source/xkmsc/unit/scaler/msc_scl_dump.cpp
draft	../../../source/xkmsc/unit/scaler/msc_scl_load.cpp
draft	../../../source/xkmsc/unit/scaler/msc_scl_proc.cpp
no status	../../../source/xkmsc/top/configuration/msc_cfg.csv
draft	../../../source/xkmsc/common/msc_common.hpp
draft	../../../source/xkmsc/common/msc_common_tool_calculation.hpp
draft	../../../source/xkmsc/common/msc_common_tool_general.hpp
draft	../../../source/xkmsc/kernel/dumper/msc_dmp.hpp
draft	../../../source/xkmsc/kernel/fetcher/msc_fth.hpp
draft	../../../source/xkmsc/kernel/msc_knl.hpp
draft	../../../source/xkmsc/kernel/msc_knl_export.hpp
draft	../../../source/xkmsc/kernel/msc_knl_proc.hpp
draft	../../../source/xkmsc/top/configuration/msc_cfg.hpp
draft	../../../source/xkmsc/top/configuration/msc_cfg_type.hpp
draft	../../../source/xkmsc/unit/filter/msc_flt.hpp
draft	../../../source/xkmsc/unit/msc_unit.hpp
draft	../../../source/xkmsc/unit/msc_unit_tool_time.hpp
draft	../../../source/xkmsc/unit/on-screen-display/msc_osd.hpp
draft	../../../source/xkmsc/unit/scaler/msc_scl.hpp
draft	../../../source/xkmsc/top/configuration/msc_cfg.pl
no status	../../../source/xkmsc/top/configuration/msc_cfg.rst
draft	../../../source/xkmsc/top/CMakeLists.txt
