../../../build/windows/xkmsc/build_2017.bat
../../../build/windows/xkmsc/build_2019.bat
../../../build/linux/xkmsc/build.sh
../../../build/linux/xkmsc/run.sh
../../../build/linux/xkmsc/tool_script/run.sh
../../../document/description/rst_xkmsc/source/conf.py
../../../document/description/rst_xkmscSessionTest/source/conf.py
../../../document/description/rst_xkmsc/source/C00_beforeEverything/index.rst
../../../document/description/rst_xkmsc/source/C01_introduction/index.rst
../../../document/description/rst_xkmsc/source/C02_aboutBuild/index.rst
../../../document/description/rst_xkmsc/source/C03_aboutDocument/index.rst
../../../document/description/rst_xkmsc/source/C04_aboutScript/index.rst
../../../document/description/rst_xkmsc/source/C05_aboutSource/index.rst
../../../document/description/rst_xkmsc/source/C06_codingStyle/index.rst
../../../document/description/rst_xkmsc/source/C07_template/index.rst
../../../document/description/rst_xkmsc/source/C08_versionControl/index.rst
../../../document/description/rst_xkmsc/source/C09_checkList/index.rst
../../../document/description/rst_xkmsc/source/C10_howTo/index.rst
../../../document/description/rst_xkmsc/source/index.rst
../../../document/description/rst_xkmscSessionTest/source/index.rst
../../../document/doxygen/xkmsc/doxygen.sh
../../../script/get/getPsnr/getPsnr.m
../../../script/get/getPsnr/getPsnrCore.m
../../../script/get/getArgb1555FromYuv420p/getArgb1555FromRgb24Core.py
../../../script/get/getAyuv1555FromYuv420p/getAyuv1555FromYuv444pCore.py
../../../script/get/getIndx2FromYuv420p/getIndx2FromYuv444pCore.py
../../../script/get/getIndx4FromYuv420p/getIndx4FromYuv444pCore.py
../../../script/get/getPsnr/getPsnr.py
../../../script/analysis/tool_script/analysis.sh
../../../script/get/getArgb1555FromYuv420p/getArgb1555FromYuv420p.sh
../../../script/get/getAyuv1555FromYuv420p/getAyuv1555FromYuv420p.sh
../../../script/get/getIndx2FromYuv420p/getIndx2FromYuv420p.sh
../../../script/get/getIndx4FromYuv420p/getIndx4FromYuv420p.sh
../../../script/get/tool_script/get.sh
../../../script/run/runListPush/runListPush.sh
../../../script/run/runXkmsc/runXkmsc.sh
../../../script/run/tool_script/run.sh
../../../source/xkmsc/kernel/dumper/msc_dmp.cpp
../../../source/xkmsc/kernel/fetcher/msc_fth.cpp
../../../source/xkmsc/kernel/msc_knl.cpp
../../../source/xkmsc/kernel/msc_knl_dump.cpp
../../../source/xkmsc/kernel/msc_knl_export.cpp
../../../source/xkmsc/kernel/msc_knl_load.cpp
../../../source/xkmsc/kernel/msc_knl_proc.cpp
../../../source/xkmsc/top/configuration/msc_cfg.cpp
../../../source/xkmsc/top/configuration/msc_cfg_dump.cpp
../../../source/xkmsc/top/configuration/msc_cfg_proc.cpp
../../../source/xkmsc/top/msc.cpp
../../../source/xkmsc/unit/filter/msc_flt.cpp
../../../source/xkmsc/unit/filter/msc_flt_dump.cpp
../../../source/xkmsc/unit/filter/msc_flt_load.cpp
../../../source/xkmsc/unit/filter/msc_flt_proc.cpp
../../../source/xkmsc/unit/msc_unit.cpp
../../../source/xkmsc/unit/msc_unit_dump.cpp
../../../source/xkmsc/unit/msc_unit_load.cpp
../../../source/xkmsc/unit/msc_unit_proc.cpp
../../../source/xkmsc/unit/on-screen-display/msc_osd.cpp
../../../source/xkmsc/unit/on-screen-display/msc_osd_dump.cpp
../../../source/xkmsc/unit/on-screen-display/msc_osd_load.cpp
../../../source/xkmsc/unit/on-screen-display/msc_osd_proc.cpp
../../../source/xkmsc/unit/scaler/msc_scl.cpp
../../../source/xkmsc/unit/scaler/msc_scl_dump.cpp
../../../source/xkmsc/unit/scaler/msc_scl_load.cpp
../../../source/xkmsc/unit/scaler/msc_scl_proc.cpp
../../../source/xkmsc/top/configuration/msc_cfg.csv
../../../source/xkmsc/common/msc_common.hpp
../../../source/xkmsc/common/msc_common_tool_calculation.hpp
../../../source/xkmsc/common/msc_common_tool_general.hpp
../../../source/xkmsc/kernel/dumper/msc_dmp.hpp
../../../source/xkmsc/kernel/fetcher/msc_fth.hpp
../../../source/xkmsc/kernel/msc_knl.hpp
../../../source/xkmsc/kernel/msc_knl_export.hpp
../../../source/xkmsc/kernel/msc_knl_proc.hpp
../../../source/xkmsc/top/configuration/msc_cfg.hpp
../../../source/xkmsc/top/configuration/msc_cfg_type.hpp
../../../source/xkmsc/unit/filter/msc_flt.hpp
../../../source/xkmsc/unit/msc_unit.hpp
../../../source/xkmsc/unit/msc_unit_tool_time.hpp
../../../source/xkmsc/unit/on-screen-display/msc_osd.hpp
../../../source/xkmsc/unit/scaler/msc_scl.hpp
../../../source/xkmsc/top/configuration/msc_cfg.pl
../../../source/xkmsc/top/configuration/msc_cfg.rst
../../../source/xkmsc/top/CMakeLists.txt
